This file contains any messages produced by compilers while
running configure, to aid debugging if configure makes a mistake.

It was created by configure, which was
generated by GNU Autoconf 2.61.  Invocation command line was

  $ ./configure 

## --------- ##
## Platform. ##
## --------- ##

hostname = mbp
uname -m = x86_64
uname -r = 10.7.3
uname -s = Darwin
uname -v = Darwin Kernel Version 10.7.3: Sun Mar  6 13:37:56 PST 2011; root:xnu-1504.14.2~1/RELEASE_X86_64

/usr/bin/uname -p = i386
/bin/uname -X     = unknown

/bin/arch              = unknown
/usr/bin/arch -k       = unknown
/usr/convex/getsysinfo = unknown
/usr/bin/hostinfo      = Mach kernel version:
	 Darwin Kernel Version 10.7.3: Sun Mar  6 13:37:56 PST 2011; root:xnu-1504.14.2~1/RELEASE_X86_64
Kernel configured for up to 8 processors.
4 processors are physically available.
8 processors are logically available.
Processor type: i486 (Intel 80486)
Processors active: 0 1 2 3 4 5 6 7
Primary memory available: 4.00 gigabytes
Default processor set: 54 tasks, 294 threads, 8 processors
Load average: 0.00, Mach factor: 7.99
/bin/machine           = unknown
/usr/bin/oslevel       = unknown
/bin/universe          = unknown

PATH: /usr/bin
PATH: /bin
PATH: /usr/sbin
PATH: /sbin
PATH: /usr/local/bin
PATH: /usr/texbin
PATH: /usr/X11/bin


## ----------- ##
## Core tests. ##
## ----------- ##

configure:1705: checking for gcc
configure:1721: found /usr/bin/gcc
configure:1732: result: gcc
configure:1970: checking for C compiler version
configure:1977: gcc --version >&5
i686-apple-darwin10-gcc-4.2.1 (GCC) 4.2.1 (Apple Inc. build 5666) (dot 3)
Copyright (C) 2007 Free Software Foundation, Inc.
This is free software; see the source for copying conditions.  There is NO
warranty; not even for MERCHANTABILITY or FITNESS FOR A PARTICULAR PURPOSE.

configure:1980: $? = 0
configure:1987: gcc -v >&5
Using built-in specs.
Target: i686-apple-darwin10
Configured with: /var/tmp/gcc/gcc-5666.3~123/src/configure --disable-checking --enable-werror --prefix=/usr --mandir=/share/man --enable-languages=c,objc,c++,obj-c++ --program-transform-name=/^[cg][^.-]*$/s/$/-4.2/ --with-slibdir=/usr/lib --build=i686-apple-darwin10 --program-prefix=i686-apple-darwin10- --host=x86_64-apple-darwin10 --target=i686-apple-darwin10 --with-gxx-include-dir=/include/c++/4.2.1
Thread model: posix
gcc version 4.2.1 (Apple Inc. build 5666) (dot 3)
configure:1990: $? = 0
configure:1997: gcc -V >&5
gcc-4.2: argument to `-V' is missing
configure:2000: $? = 1
configure:2023: checking for C compiler default output file name
configure:2050: gcc    conftest.c  >&5
configure:2053: $? = 0
configure:2091: result: a.out
configure:2108: checking whether the C compiler works
configure:2118: ./a.out
configure:2121: $? = 0
configure:2138: result: yes
configure:2145: checking whether we are cross compiling
configure:2147: result: no
configure:2150: checking for suffix of executables
configure:2157: gcc -o conftest    conftest.c  >&5
configure:2160: $? = 0
configure:2184: result: 
configure:2190: checking for suffix of object files
configure:2216: gcc -c   conftest.c >&5
configure:2219: $? = 0
configure:2242: result: o
configure:2246: checking whether we are using the GNU C compiler
configure:2275: gcc -c   conftest.c >&5
configure:2281: $? = 0
configure:2298: result: yes
configure:2303: checking whether gcc accepts -g
configure:2333: gcc -c -g  conftest.c >&5
configure:2339: $? = 0
configure:2438: result: yes
configure:2455: checking for gcc option to accept ISO C89
configure:2529: gcc  -c -g -O2  conftest.c >&5
configure:2535: $? = 0
configure:2558: result: none needed
configure:2624: checking for a BSD-compatible install
configure:2680: result: /usr/bin/install -c
configure:2694: checking for sh
configure:2712: found /bin/sh
configure:2724: result: /bin/sh
configure:2735: checking for rm
configure:2753: found /bin/rm
configure:2765: result: /bin/rm
configure:2776: checking for makedepend
configure:2794: found /usr/X11/bin/makedepend
configure:2806: result: /usr/X11/bin/makedepend
configure:2817: checking for man2html
configure:2850: result: no
configure:2858: checking for valgrind
configure:2891: result: no
configure:2899: checking for xml2-config
configure:2917: found /usr/bin/xml2-config
configure:2929: result: /usr/bin/xml2-config
configure:2941: checking whether libxml2 headers are available
configure:2973: gcc -c -g -O2 -Wall -ansi -pedantic -I/usr/include/libxml2  conftest.c >&5
conftest.c: In function 'main':
conftest.c:19: warning: unused variable 'node'
conftest.c:18: warning: unused variable 'doc'
configure:2979: $? = 0
configure:2984: result: yes
configure:2999: checking whether libxml2 library is available
configure:3029: gcc -o conftest -g -O2 -Wall -ansi -pedantic -I/usr/include/libxml2   -lxml2 -lz -lpthread -licucore -lm conftest.c  >&5
conftest.c: In function 'main':
conftest.c:18: warning: unused variable 'doc'
configure:3035: $? = 0
configure:3041: result: yes
configure:3058: checking whether libxml2 library is recent enough
configure:3087: gcc -c -g -O2 -Wall -ansi -pedantic -I/usr/include/libxml2  conftest.c >&5
configure:3093: $? = 0
configure:3098: result: yes
configure:3119: checking for pcre-config
configure:3152: result: no
configure:3278: checking for rpm
configure:3311: result: no
configure:3318: checking for rpmbuild
configure:3351: result: no
configure:3358: checking for rpmlint
configure:3391: result: no
configure:3398: checking for debuild
configure:3431: result: no
configure:3438: checking for debsign
configure:3471: result: no
configure:3478: checking for debsigs
configure:3511: result: no
configure:3666: creating ./config.status

## ---------------------- ##
## Running config.status. ##
## ---------------------- ##

This file was extended by config.status, which was
generated by GNU Autoconf 2.61.  Invocation command line was

  CONFIG_FILES    = 
  CONFIG_HEADERS  = 
  CONFIG_LINKS    = 
  CONFIG_COMMANDS = 
  $ ./config.status 

on mbp

config.status:594: creating Makefile

## ---------------- ##
## Cache variables. ##
## ---------------- ##

ac_cv_c_compiler_gnu=yes
ac_cv_env_CC_set=
ac_cv_env_CC_value=
ac_cv_env_CFLAGS_set=
ac_cv_env_CFLAGS_value=
ac_cv_env_CPPFLAGS_set=
ac_cv_env_CPPFLAGS_value=
ac_cv_env_LDFLAGS_set=
ac_cv_env_LDFLAGS_value=
ac_cv_env_LIBS_set=
ac_cv_env_LIBS_value=
ac_cv_env_build_alias_set=
ac_cv_env_build_alias_value=
ac_cv_env_host_alias_set=
ac_cv_env_host_alias_value=
ac_cv_env_target_alias_set=
ac_cv_env_target_alias_value=
ac_cv_objext=o
ac_cv_path_MAKEDEPEND=/usr/X11/bin/makedepend
ac_cv_path_RM=/bin/rm
ac_cv_path_SH=/bin/sh
ac_cv_path_XML2CONF=/usr/bin/xml2-config
ac_cv_path_install='/usr/bin/install -c'
ac_cv_prog_ac_ct_CC=gcc
ac_cv_prog_cc_c89=
ac_cv_prog_cc_g=yes

## ----------------- ##
## Output variables. ##
## ----------------- ##

CC='gcc'
CFLAGS='-g -O2 -Wall -ansi -pedantic -I/usr/include/libxml2'
CPPFLAGS=''
DEBARCH=''
DEBSIGN=''
DEBSIGS=''
DEBUILD=''
DEBVER=''
DEFS='-DPACKAGE_NAME=\"\" -DPACKAGE_TARNAME=\"\" -DPACKAGE_VERSION=\"\" -DPACKAGE_STRING=\"\" -DPACKAGE_BUGREPORT=\"\"'
ECHO_C='ECHO_N=''
ECHO_T=''
EXEEXT=''
INSTALL_DATA='${INSTALL} -m 644'
INSTALL_PROGRAM='${INSTALL}'
INSTALL_SCRIPT='${INSTALL}'
LDFLAGS=' -lxml2 -lz -lpthread -licucore -lm'
LIBOBJS=''
LIBS=''
LTLIBOBJS=''
MAKEDEPEND='/usr/X11/bin/makedepend'
MAN2HTML=''
OBJEXT='o'
PACKAGE_BUGREPORT=''
PACKAGE_NAME=''
PACKAGE_STRING=''
PACKAGE_TARNAME=''
PACKAGE_VERSION=''
PATH_SEPARATOR=':'
PCRECONF=''
PKGVERSION='0.07'
RM='/bin/rm'
RPM=''
RPMARCH=''
RPMBUILD=''
RPMLINT=''
RPMVER=''
SH='/bin/sh'
SHELL='/bin/sh'
USE_PCRE='0'
VALGRIND=''
XML2CONF='/usr/bin/xml2-config'
ac_ct_CC='gcc'
bindir='${exec_prefix}/bin'
build_alias=''
datadir='${datarootdir}'
datarootdir='${prefix}/share'
docdir='${datarootdir}/doc/${PACKAGE}'
dvidir='${docdir}'
exec_prefix='${prefix}'
host_alias=''
htmldir='${docdir}'
includedir='${prefix}/include'
infodir='${datarootdir}/info'
libdir='${exec_prefix}/lib'
libexecdir='${exec_prefix}/libexec'
localedir='${datarootdir}/locale'
localstatedir='${prefix}/var'
mandir='${datarootdir}/man'
oldincludedir='/usr/include'
pdfdir='${docdir}'
prefix='/usr/local'
program_transform_name='s,x,x,'
psdir='${docdir}'
sbindir='${exec_prefix}/sbin'
sharedstatedir='${prefix}/com'
sysconfdir='${prefix}/etc'
target_alias=''

## ----------- ##
## confdefs.h. ##
## ----------- ##

#define PACKAGE_NAME ""
#define PACKAGE_TARNAME ""
#define PACKAGE_VERSION ""
#define PACKAGE_STRING ""
#define PACKAGE_BUGREPORT ""

configure: exit 0
